<?xml version="1.0" encoding="UTF-8"?>
<testng-results ignored="0" total="1" passed="1" failed="0" skipped="0">
  <reporter-output>
  </reporter-output>
  <suite started-at="2023-02-21T18:22:10 IST" name="restassured.RestAssuredAPITest" finished-at="2023-02-21T18:22:12 IST" duration-ms="2062">
    <groups>
    </groups>
    <test started-at="2023-02-21T18:22:10 IST" name="Command line test" finished-at="2023-02-21T18:22:12 IST" duration-ms="2062">
      <class name="restassured.RestAssuredAPITest">
        <test-method signature="GetBooksDetails()[pri:0, instance:restassured.RestAssuredAPITest@1817d444]" started-at="2023-02-21T18:22:10 IST" name="GetBooksDetails" finished-at="2023-02-21T18:22:12 IST" duration-ms="2045" status="PASS">
          <reporter-output>
          </reporter-output>
        </test-method> <!-- GetBooksDetails -->
      </class> <!-- restassured.RestAssuredAPITest -->
    </test> <!-- Command line test -->
  </suite> <!-- restassured.RestAssuredAPITest -->
</testng-results>
